#
# There is insufficient memory for the Java Runtime Environment to continue.
# Native memory allocation (mmap) failed to map 536870912 bytes for Failed to commit area from 0x00000000c0000000 to 0x00000000e0000000 of length 536870912.
# Possible reasons:
#   The system is out of physical RAM or swap space
#   The process is running with CompressedOops enabled, and the Java Heap may be blocking the growth of the native heap
# Possible solutions:
#   Reduce memory load on the system
#   Increase physical memory or swap space
#   Check if swap backing store is full
#   Decrease Java heap size (-Xmx/-Xms)
#   Decrease number of Java threads
#   Decrease Java thread stack sizes (-Xss)
#   Set larger code cache with -XX:ReservedCodeCacheSize=
# This output file may be truncated or incomplete.
#
#  Out of Memory Error (c:/workspace/9-2-build-windows-amd64-cygwin-phase2/jdk9/6725/hotspot/src/os/windows/vm/os_windows.cpp:3357), pid=11096, tid=11504
#
# JRE version:  (9.0+181) (build )
# Java VM: Java HotSpot(TM) 64-Bit Server VM (9+181, mixed mode, tiered, compressed oops, g1 gc, windows-amd64)
# No core dump will be written. Minidumps are not enabled by default on client versions of Windows
#

---------------  S U M M A R Y ------------

Command Line: -Dfile.encoding=UTF8 -Djline.terminal=none -Dsbt.log.noformat=true -Dsbt.global.base=C:\TEMP\sbt-global-plugin1stub -Xms512M -Xmx1024M -Xss1M -XX:+CMSClassUnloadingEnabled -XX:MaxPermSize=256M xsbt.boot.Boot project root run

Host: Intel(R) Core(TM) i3-3217U CPU @ 1.80GHz, 4 cores, 5G,  Windows 7 , 64 bit Build 7601 (6.1.7601.18939)
Time: Fri Mar 02 09:27:53 2018 A?aoey, Oo?oey (ceia) elapsed time: 0 seconds (0d 0h 0m 0s)

---------------  T H R E A D  ---------------

Current thread (0x00000000001ea000):  JavaThread "Unknown thread" [_thread_in_vm, id=11504, stack(0x00000000020b0000,0x00000000021b0000)]

Stack: [0x00000000020b0000,0x00000000021b0000]
Native frames: (J=compiled Java code, j=interpreted, Vv=VM code, C=native code)
V  [jvm.dll+0x587108]
V  [jvm.dll+0x69c14e]
V  [jvm.dll+0x69d06a]
V  [jvm.dll+0x69d6a3]
V  [jvm.dll+0x21d3f8]
V  [jvm.dll+0x584c34]
V  [jvm.dll+0x57a075]
V  [jvm.dll+0x2cd7eb]
V  [jvm.dll+0x2cd753]
V  [jvm.dll+0x2cd622]
V  [jvm.dll+0x2cf613]
V  [jvm.dll+0x319613]
V  [jvm.dll+0x319d26]
V  [jvm.dll+0x319713]
V  [jvm.dll+0x2ae028]
V  [jvm.dll+0x2af257]
V  [jvm.dll+0x67b29d]
V  [jvm.dll+0x67c66c]
V  [jvm.dll+0x326dc9]
V  [jvm.dll+0x6652be]
V  [jvm.dll+0x391b91]
V  [jvm.dll+0x393b41]
C  [java.exe+0x34f1]
C  [java.exe+0xe24f]
C  [java.exe+0xe3f6]
C  [kernel32.dll+0x15a4d]
C  [ntdll.dll+0x2b831]


---------------  P R O C E S S  ---------------

Java Threads: ( => current thread )

Other Threads:
  0x0000000000201800 GCTaskThread "GC Thread#0" [stack: 0x000000001bd90000,0x000000001be90000] [id=11256]
  0x0000000000203000 GCTaskThread "GC Thread#1" [stack: 0x000000001c020000,0x000000001c120000] [id=8164]
  0x0000000000205000 GCTaskThread "GC Thread#2" [stack: 0x000000001c1c0000,0x000000001c2c0000] [id=6296]
  0x000000000020d000 GCTaskThread "GC Thread#3" [stack: 0x000000001c2c0000,0x000000001c3c0000] [id=7000]
  0x000000000025a000 ConcurrentGCThread "G1 Main Marker" [stack: 0x000000001f760000,0x000000001f860000] [id=10812]
  0x0000000000262800 ConcurrentGCThread "G1 Marker#0" [stack: 0x000000001f8f0000,0x000000001f9f0000] [id=12036]
  0x000000000021f800 ConcurrentGCThread "G1 Refine#0" [stack: 0x000000001cbc0000,0x000000001ccc0000] [id=9544]
  0x000000000021e800 ConcurrentGCThread "G1 Refine#1" [stack: 0x000000001c8e0000,0x000000001c9e0000] [id=1828]
  0x000000000021d000 ConcurrentGCThread "G1 Refine#2" [stack: 0x000000001ca10000,0x000000001cb10000] [id=11188]
  0x000000000021c800 ConcurrentGCThread "G1 Refine#3" [stack: 0x000000001c7c0000,0x000000001c8c0000] [id=2872]
  0x0000000000220800 ConcurrentGCThread "G1 Young RemSet Sampling" [stack: 0x000000001cdb0000,0x000000001ceb0000] [id=9056]

=>0x00000000001ea000 (exited) JavaThread "Unknown thread" [_thread_in_vm, id=11504, stack(0x00000000020b0000,0x00000000021b0000)]

Threads with active compile tasks:

VM state:not at safepoint (not fully initialized)

VM Mutex/Monitor currently owned by a thread:  ([mutex/lock_event])
[0x00000000001e6190] Heap_lock - owner thread: 0x00000000001ea000

Heap address: 0x00000000c0000000, size: 1024 MB, Compressed Oops mode: Non-zero based: 0x00000000c0000000
Narrow klass base: 0x0000000000000000, Narrow klass shift: 0

GC Heap History (0 events):
No events

Deoptimization events (0 events):
No events

Classes redefined (0 events):
No events

Internal exceptions (0 events):
No events

Events (0 events):
No events


Dynamic libraries:
0x000000013f0f0000 - 0x000000013f12e000 	C:\Program Files\Java\jdk-9\bin\java.exe
0x00000000779b0000 - 0x0000000077b59000 	C:\Windows\SYSTEM32\ntdll.dll
0x000007fee7750000 - 0x000007fee7784000 	C:\Program Files\AVAST Software\Avast\x64\aswhooka.dll
0x0000000077890000 - 0x00000000779af000 	C:\Windows\system32\kernel32.dll
0x000007fefd790000 - 0x000007fefd7fc000 	C:\Windows\system32\KERNELBASE.dll
0x000007feffbe0000 - 0x000007feffcbb000 	C:\Windows\system32\ADVAPI32.dll
0x000007feff710000 - 0x000007feff7af000 	C:\Windows\system32\msvcrt.dll
0x000007fefdb20000 - 0x000007fefdb3f000 	C:\Windows\SYSTEM32\sechost.dll
0x000007fefdd30000 - 0x000007fefde5d000 	C:\Windows\system32\RPCRT4.dll
0x0000000077790000 - 0x000000007788a000 	C:\Windows\system32\USER32.dll
0x000007fefdee0000 - 0x000007fefdf47000 	C:\Windows\system32\GDI32.dll
0x000007fefe710000 - 0x000007fefe71e000 	C:\Windows\system32\LPK.dll
0x000007fefe720000 - 0x000007fefe7e9000 	C:\Windows\system32\USP10.dll
0x000007fefc0c0000 - 0x000007fefc2b4000 	C:\Windows\WinSxS\amd64_microsoft.windows.common-controls_6595b64144ccf1df_6.0.7601.18837_none_fa3b1e3d17594757\COMCTL32.dll
0x000007fefe690000 - 0x000007fefe701000 	C:\Windows\system32\SHLWAPI.dll
0x000007fefc800000 - 0x000007fefc80c000 	C:\Windows\system32\VERSION.dll
0x000007fefe040000 - 0x000007fefe06e000 	C:\Windows\system32\IMM32.DLL
0x000007feffad0000 - 0x000007feffbd9000 	C:\Windows\system32\MSCTF.dll
0x000007fee3ac0000 - 0x000007fee3baf000 	C:\Program Files\Java\jdk-9\bin\msvcr120.dll
0x000007fee3bf0000 - 0x000007fee3c96000 	C:\Program Files\Java\jdk-9\bin\msvcp120.dll
0x0000000056f00000 - 0x000000005792a000 	C:\Program Files\Java\jdk-9\bin\server\jvm.dll
0x000007fef3c90000 - 0x000007fef3c99000 	C:\Windows\system32\WSOCK32.dll
0x000007fefdf50000 - 0x000007fefdf9d000 	C:\Windows\system32\WS2_32.dll
0x000007fefdb40000 - 0x000007fefdb48000 	C:\Windows\system32\NSI.dll
0x000007fefb4c0000 - 0x000007fefb4fb000 	C:\Windows\system32\WINMM.dll
0x0000000077b70000 - 0x0000000077b77000 	C:\Windows\system32\PSAPI.DLL
0x000007fee7220000 - 0x000007fee722f000 	C:\Program Files\Java\jdk-9\bin\verify.dll
0x000007fee3bc0000 - 0x000007fee3be7000 	C:\Program Files\Java\jdk-9\bin\java.dll
0x000007fee4210000 - 0x000007fee4226000 	C:\Program Files\Java\jdk-9\bin\zip.dll
0x000007fee8030000 - 0x000007fee803a000 	C:\Program Files\Java\jdk-9\bin\jimage.dll
0x000007feeff80000 - 0x000007fef00a5000 	C:\Windows\system32\dbghelp.dll

VM Arguments:
jvm_args: -Dfile.encoding=UTF8 -Djline.terminal=none -Dsbt.log.noformat=true -Dsbt.global.base=C:\TEMP\sbt-global-plugin1stub -Xms512M -Xmx1024M -Xss1M -XX:+CMSClassUnloadingEnabled -XX:MaxPermSize=256M 
java_command: xsbt.boot.Boot project root run
java_class_path (initial): C:\Users\Oly\.IntelliJIdea2017.3\config\plugins\Scala\launcher\sbt-launch.jar
Launcher Type: SUN_STANDARD

Logging:
Log output configuration:
#0: stdout all=warning uptime,level,tags
#1: stderr all=off uptime,level,tags

Environment Variables:
PATH=C:\ImageMagick;C:\ProgramData\Oracle\Java\javapath;C:\Clarion6\Bin;C:\Program Files (x86)\Skype\Phone\;C:\Program Files\nodejs\;C:\Program Files\Git\cmd;C:\Program Files\Java\jdk1.8.0_141\bin;D:\Program Files\MATLAB\R2017a\runtime\win64;D:\Program Files\MATLAB\R2017a\bin;C:\Program Files (x86)\sbt\bin;C:\Program Files (x86)\Bitvise SSH Client;C:\Program Files\OpenSSH\bin;C:\Program Files\PuTTY\;D:\PostgreSQL\10\bin;D:\PostgreSQL\10\lib;C:\ImageMagick;C:\Users\Oly\AppData\Roaming\npm
USERNAME=Oly
OS=Windows_NT
PROCESSOR_IDENTIFIER=Intel64 Family 6 Model 58 Stepping 9, GenuineIntel



---------------  S Y S T E M  ---------------

OS: Windows 7 , 64 bit Build 7601 (6.1.7601.18939)

CPU:total 4 (initial active 4) (2 cores per cpu, 2 threads per core) family 6 model 58 stepping 9, cmov, cx8, fxsr, mmx, sse, sse2, sse3, ssse3, sse4.1, sse4.2, popcnt, avx, clmul, erms, ht, tsc, tscinvbit, tscinv

Memory: 4k page, physical 6176108k(453428k free), swap 10368572k(426992k free)

vm_info: Java HotSpot(TM) 64-Bit Server VM (9+181) for windows-amd64 JRE (9+181), built on Aug  2 2017 21:30:51 by "javare" with MS VC++ 12.0 (VS2013)

END.
